Using pre-set license
Built from '2022.3/staging' branch; Version is '2022.3.3f1 (7cdc2969a641) revision 8182825'; Using compiler version '192829333'; Build Type 'Release'
OS: 'Windows 10  (10.0.19045) 64bit Core' Language: 'ru' Physical Memory: 16326 MB
BatchMode: 1, IsHumanControllingUs: 0, StartBugReporterOnCrash: 0, Is64bit: 1, IsPro: 1

COMMAND LINE ARGUMENTS:
C:\Program Files\Unity\Hub\Editor\2022.3.3f1\Editor\Unity.exe
-adb2
-batchMode
-noUpm
-name
AssetImportWorker0
-projectPath
D:/GameJam/First One/jam_karma/jam_karma
-logFile
Logs/AssetImportWorker0.log
-srvPort
51564
Successfully changed project path to: D:/GameJam/First One/jam_karma/jam_karma
D:/GameJam/First One/jam_karma/jam_karma
[UnityMemory] Configuration Parameters - Can be set up in boot.config
    "memorysetup-bucket-allocator-granularity=16"
    "memorysetup-bucket-allocator-bucket-count=8"
    "memorysetup-bucket-allocator-block-size=33554432"
    "memorysetup-bucket-allocator-block-count=8"
    "memorysetup-main-allocator-block-size=16777216"
    "memorysetup-thread-allocator-block-size=16777216"
    "memorysetup-gfx-main-allocator-block-size=16777216"
    "memorysetup-gfx-thread-allocator-block-size=16777216"
    "memorysetup-cache-allocator-block-size=4194304"
    "memorysetup-typetree-allocator-block-size=2097152"
    "memorysetup-profiler-bucket-allocator-granularity=16"
    "memorysetup-profiler-bucket-allocator-bucket-count=8"
    "memorysetup-profiler-bucket-allocator-block-size=33554432"
    "memorysetup-profiler-bucket-allocator-block-count=8"
    "memorysetup-profiler-allocator-block-size=16777216"
    "memorysetup-profiler-editor-allocator-block-size=1048576"
    "memorysetup-temp-allocator-size-main=16777216"
    "memorysetup-job-temp-allocator-block-size=2097152"
    "memorysetup-job-temp-allocator-block-size-background=1048576"
    "memorysetup-job-temp-allocator-reduction-small-platforms=262144"
    "memorysetup-allocator-temp-initial-block-size-main=262144"
    "memorysetup-allocator-temp-initial-block-size-worker=262144"
    "memorysetup-temp-allocator-size-background-worker=32768"
    "memorysetup-temp-allocator-size-job-worker=262144"
    "memorysetup-temp-allocator-size-preload-manager=33554432"
    "memorysetup-temp-allocator-size-nav-mesh-worker=65536"
    "memorysetup-temp-allocator-size-audio-worker=65536"
    "memorysetup-temp-allocator-size-cloud-worker=32768"
    "memorysetup-temp-allocator-size-gi-baking-worker=262144"
    "memorysetup-temp-allocator-size-gfx=262144"
Player connection [14556] Host "[IP] 192.168.0.104 [Port] 0 [Flags] 2 [Guid] 2645651207 [EditorId] 2645651207 [Version] 1048832 [Id] WindowsEditor(7,DESKTOP-PNDI8N3) [Debug] 1 [PackageName] WindowsEditor [ProjectName] Editor" joined multi-casting on [225.0.0.222:54997]...

Player connection [14556] Host "[IP] 192.168.0.104 [Port] 0 [Flags] 2 [Guid] 2645651207 [EditorId] 2645651207 [Version] 1048832 [Id] WindowsEditor(7,DESKTOP-PNDI8N3) [Debug] 1 [PackageName] WindowsEditor [ProjectName] Editor" joined alternative multi-casting on [225.0.0.222:34997]...

Refreshing native plugins compatible for Editor in 25.12 ms, found 4 plugins.
Preloading 0 native plugins for Editor in 0.00 ms.
Initialize engine version: 2022.3.3f1 (7cdc2969a641)
[Subsystems] Discovering subsystems at path C:/Program Files/Unity/Hub/Editor/2022.3.3f1/Editor/Data/Resources/UnitySubsystems
[Subsystems] Discovering subsystems at path D:/GameJam/First One/jam_karma/jam_karma/Assets
GfxDevice: creating device client; threaded=0; jobified=0
Direct3D:
    Version:  Direct3D 11.0 [level 11.1]
    Renderer: NVIDIA GeForce GTX 1650 (ID=0x1f82)
    Vendor:   NVIDIA
    VRAM:     3949 MB
    Driver:   31.0.15.3179
Initialize mono
Mono path[0] = 'C:/Program Files/Unity/Hub/Editor/2022.3.3f1/Editor/Data/Managed'
Mono path[1] = 'C:/Program Files/Unity/Hub/Editor/2022.3.3f1/Editor/Data/MonoBleedingEdge/lib/mono/unityjit-win32'
Mono config path = 'C:/Program Files/Unity/Hub/Editor/2022.3.3f1/Editor/Data/MonoBleedingEdge/etc'
Using monoOptions --debugger-agent=transport=dt_socket,embedding=1,server=y,suspend=n,address=127.0.0.1:56344
Begin MonoManager ReloadAssembly
Registering precompiled unity dll's ...
Register platform support module: C:/Program Files/Unity/Hub/Editor/2022.3.3f1/Editor/Data/PlaybackEngines/WindowsStandaloneSupport/UnityEditor.WindowsStandalone.Extensions.dll
Registered in 0.042598 seconds.
- Loaded All Assemblies, in  0.535 seconds
Native extension for WindowsStandalone target not found
Mono: successfully reloaded assembly
- Finished resetting the current domain, in  0.312 seconds
Domain Reload Profiling: 837ms
	BeginReloadAssembly (138ms)
		ExecutionOrderSort (0ms)
		DisableScriptedObjects (0ms)
		BackupInstance (0ms)
		ReleaseScriptingObjects (0ms)
		CreateAndSetChildDomain (1ms)
	RebuildCommonClasses (46ms)
	RebuildNativeTypeToScriptingClass (14ms)
	initialDomainReloadingComplete (140ms)
	LoadAllAssembliesAndSetupDomain (186ms)
		LoadAssemblies (129ms)
		RebuildTransferFunctionScriptingTraits (0ms)
		AnalyzeDomain (162ms)
			TypeCache.Refresh (161ms)
				TypeCache.ScanAssembly (144ms)
			ScanForSourceGeneratedMonoScriptInfo (0ms)
			ResolveRequiredComponents (0ms)
	FinalizeReload (312ms)
		ReleaseScriptCaches (0ms)
		RebuildScriptCaches (0ms)
		SetupLoadedEditorAssemblies (246ms)
			LogAssemblyErrors (0ms)
			InitializePlatformSupportModulesInManaged (20ms)
			SetLoadedEditorAssemblies (9ms)
			RefreshPlugins (0ms)
			BeforeProcessingInitializeOnLoad (2ms)
			ProcessInitializeOnLoadAttributes (157ms)
			ProcessInitializeOnLoadMethodAttributes (57ms)
			AfterProcessingInitializeOnLoad (0ms)
			EditorAssembliesLoaded (0ms)
		ExecutionOrderSort2 (0ms)
		AwakeInstancesAfterBackupRestoration (0ms)
========================================================================
Worker process is ready to serve import requests
Begin MonoManager ReloadAssembly
Symbol file LoadedFromMemory doesn't match image D:\GameJam\First One\jam_karma\jam_karma\Library\PackageCache\com.unity.visualscripting@1.8.0\Editor\VisualScripting.Core\Dependencies\YamlDotNet\Unity.VisualScripting.YamlDotNet.dll
Symbol file LoadedFromMemory doesn't match image D:\GameJam\First One\jam_karma\jam_karma\Library\PackageCache\com.unity.visualscripting@1.8.0\Editor\VisualScripting.Core\Dependencies\DotNetZip\Unity.VisualScripting.IonicZip.dll
- Loaded All Assemblies, in  1.225 seconds
Refreshing native plugins compatible for Editor in 11.69 ms, found 4 plugins.
Native extension for WindowsStandalone target not found
Mono: successfully reloaded assembly
- Finished resetting the current domain, in  0.718 seconds
Domain Reload Profiling: 1927ms
	BeginReloadAssembly (190ms)
		ExecutionOrderSort (0ms)
		DisableScriptedObjects (6ms)
		BackupInstance (0ms)
		ReleaseScriptingObjects (0ms)
		CreateAndSetChildDomain (23ms)
	RebuildCommonClasses (43ms)
	RebuildNativeTypeToScriptingClass (12ms)
	initialDomainReloadingComplete (80ms)
	LoadAllAssembliesAndSetupDomain (883ms)
		LoadAssemblies (543ms)
		RebuildTransferFunctionScriptingTraits (0ms)
		AnalyzeDomain (410ms)
			TypeCache.Refresh (380ms)
				TypeCache.ScanAssembly (363ms)
			ScanForSourceGeneratedMonoScriptInfo (25ms)
			ResolveRequiredComponents (5ms)
	FinalizeReload (718ms)
		ReleaseScriptCaches (0ms)
		RebuildScriptCaches (0ms)
		SetupLoadedEditorAssemblies (537ms)
			LogAssemblyErrors (0ms)
			InitializePlatformSupportModulesInManaged (17ms)
			SetLoadedEditorAssemblies (4ms)
			RefreshPlugins (0ms)
			BeforeProcessingInitializeOnLoad (131ms)
			ProcessInitializeOnLoadAttributes (309ms)
			ProcessInitializeOnLoadMethodAttributes (42ms)
			AfterProcessingInitializeOnLoad (33ms)
			EditorAssembliesLoaded (0ms)
		ExecutionOrderSort2 (0ms)
		AwakeInstancesAfterBackupRestoration (9ms)
Launched and connected shader compiler UnityShaderCompiler.exe after 0.06 seconds
Refreshing native plugins compatible for Editor in 12.18 ms, found 4 plugins.
Preloading 0 native plugins for Editor in 0.00 ms.
Unloading 4008 Unused Serialized files (Serialized files now loaded: 0)
Unloading 63 unused Assets / (60.3 KB). Loaded Objects now: 4472.
Memory consumption went from 138.5 MB to 138.4 MB.
Total: 3.417300 ms (FindLiveObjects: 0.313900 ms CreateObjectMapping: 0.287100 ms MarkObjects: 2.701600 ms  DeleteObjects: 0.114000 ms)

AssetImportParameters requested are different than current active one (requested -> active):
  custom:container-demuxer-ogg: 62fdf1f143b41e24485cea50d1cbac27 -> 
  custom:video-decoder-ogg-theora: a1e56fd34408186e4bbccfd4996cb3dc -> 
  custom:framework-win-MediaFoundation: 216162199b28c13a410421893ffa2e32 -> 
  custom:container-demuxer-webm: 4f35f7cbe854078d1ac9338744f61a02 -> 
  custom:container-muxer-webm: aa71ff27fc2769a1b78a27578f13a17b -> 
  custom:video-decoder-webm-vp8: 9c59270c3fd7afecdb556c50c9e8de78 -> 
  custom:AudioImporter_EditorPlatform: d09bf68614088b80899f8185d706f6e7 -> 
  custom:video-encoder-webm-vp8: eb34c28f22e8b96e1ab97ce403110664 -> 
  custom:audio-decoder-ogg-vorbis: bf7c407c2cedff20999df2af8eb42d56 -> 
  custom:audio-encoder-webm-vorbis: bf7c407c2cedff20999df2af8eb42d56 -> 
========================================================================
Received Import Request.
  Time since last request: 36207.978635 seconds.
  path: Assets/for_some_trash/knife.prefab
  artifactKey: Guid(df5bafe9b8932a84a92c0918429b561e) Importer(815301076,1909f56bfc062723c751e8b465ee728b)
Start importing Assets/for_some_trash/knife.prefab using Guid(df5bafe9b8932a84a92c0918429b561e) Importer(815301076,1909f56bfc062723c751e8b465ee728b)  -> (artifact id: '1564cda9d391dbfb6445f6d972de2d83') in 0.174353 seconds
Number of updated asset objects reloaded before import = 0
Number of asset objects unloaded after import = 10
========================================================================
Received Import Request.
  Time since last request: 1.390814 seconds.
  path: Assets/Scenes/Zipyann
  artifactKey: Guid(8ee6613453a27ad429d33238085b0c4d) Importer(815301076,1909f56bfc062723c751e8b465ee728b)
Start importing Assets/Scenes/Zipyann using Guid(8ee6613453a27ad429d33238085b0c4d) Importer(815301076,1909f56bfc062723c751e8b465ee728b)  -> (artifact id: '6f947be99cc5c27c16360f325f2d1d52') in 0.000583 seconds
Number of updated asset objects reloaded before import = 0
Number of asset objects unloaded after import = 0
========================================================================
Received Import Request.
  Time since last request: 1.018927 seconds.
  path: Assets/Scenes/Zipyann/ZipyannScene.unity
  artifactKey: Guid(a61f91ea7305e4b408e97da76441f464) Importer(815301076,1909f56bfc062723c751e8b465ee728b)
Start importing Assets/Scenes/Zipyann/ZipyannScene.unity using Guid(a61f91ea7305e4b408e97da76441f464) Importer(815301076,1909f56bfc062723c751e8b465ee728b)  -> (artifact id: '662cdae9694db7fa52ea4afaeed69a50') in 0.000544 seconds
Number of updated asset objects reloaded before import = 0
Number of asset objects unloaded after import = 0
========================================================================
Received Prepare
Begin MonoManager ReloadAssembly
Symbol file LoadedFromMemory doesn't match image D:\GameJam\First One\jam_karma\jam_karma\Library\PackageCache\com.unity.visualscripting@1.8.0\Editor\VisualScripting.Core\Dependencies\YamlDotNet\Unity.VisualScripting.YamlDotNet.dll
Symbol file LoadedFromMemory doesn't match image D:\GameJam\First One\jam_karma\jam_karma\Library\PackageCache\com.unity.visualscripting@1.8.0\Editor\VisualScripting.Core\Dependencies\DotNetZip\Unity.VisualScripting.IonicZip.dll
- Loaded All Assemblies, in  1.060 seconds
Refreshing native plugins compatible for Editor in 14.97 ms, found 4 plugins.
Native extension for WindowsStandalone target not found
Mono: successfully reloaded assembly
- Finished resetting the current domain, in  1.721 seconds
Domain Reload Profiling: 2763ms
	BeginReloadAssembly (196ms)
		ExecutionOrderSort (0ms)
		DisableScriptedObjects (12ms)
		BackupInstance (0ms)
		ReleaseScriptingObjects (0ms)
		CreateAndSetChildDomain (38ms)
	RebuildCommonClasses (40ms)
	RebuildNativeTypeToScriptingClass (13ms)
	initialDomainReloadingComplete (66ms)
	LoadAllAssembliesAndSetupDomain (726ms)
		LoadAssemblies (493ms)
		RebuildTransferFunctionScriptingTraits (0ms)
		AnalyzeDomain (302ms)
			TypeCache.Refresh (296ms)
				TypeCache.ScanAssembly (284ms)
			ScanForSourceGeneratedMonoScriptInfo (0ms)
			ResolveRequiredComponents (6ms)
	FinalizeReload (1722ms)
		ReleaseScriptCaches (0ms)
		RebuildScriptCaches (0ms)
		SetupLoadedEditorAssemblies (602ms)
			LogAssemblyErrors (0ms)
			InitializePlatformSupportModulesInManaged (22ms)
			SetLoadedEditorAssemblies (4ms)
			RefreshPlugins (0ms)
			BeforeProcessingInitializeOnLoad (188ms)
			ProcessInitializeOnLoadAttributes (314ms)
			ProcessInitializeOnLoadMethodAttributes (37ms)
			AfterProcessingInitializeOnLoad (37ms)
			EditorAssembliesLoaded (0ms)
		ExecutionOrderSort2 (0ms)
		AwakeInstancesAfterBackupRestoration (17ms)
Refreshing native plugins compatible for Editor in 14.56 ms, found 4 plugins.
Preloading 0 native plugins for Editor in 0.00 ms.
Unloading 3996 Unused Serialized files (Serialized files now loaded: 0)
Unloading 35 unused Assets / (34.7 KB). Loaded Objects now: 4485.
Memory consumption went from 140.0 MB to 140.0 MB.
Total: 3.597200 ms (FindLiveObjects: 0.309100 ms CreateObjectMapping: 0.369000 ms MarkObjects: 2.858700 ms  DeleteObjects: 0.059500 ms)

Prepare: number of updated asset objects reloaded= 0
AssetImportParameters requested are different than current active one (requested -> active):
  custom:container-demuxer-ogg: 62fdf1f143b41e24485cea50d1cbac27 -> 
  custom:video-decoder-ogg-theora: a1e56fd34408186e4bbccfd4996cb3dc -> 
  custom:framework-win-MediaFoundation: 216162199b28c13a410421893ffa2e32 -> 
  custom:container-demuxer-webm: 4f35f7cbe854078d1ac9338744f61a02 -> 
  custom:container-muxer-webm: aa71ff27fc2769a1b78a27578f13a17b -> 
  custom:video-decoder-webm-vp8: 9c59270c3fd7afecdb556c50c9e8de78 -> 
  custom:AudioImporter_EditorPlatform: d09bf68614088b80899f8185d706f6e7 -> 
  custom:video-encoder-webm-vp8: eb34c28f22e8b96e1ab97ce403110664 -> 
  custom:audio-decoder-ogg-vorbis: bf7c407c2cedff20999df2af8eb42d56 -> 
  custom:audio-encoder-webm-vorbis: bf7c407c2cedff20999df2af8eb42d56 -> 
========================================================================
Received Import Request.
  Time since last request: 86.155655 seconds.
  path: Assets/for_some_trash/jam_karma.unity
  artifactKey: Guid(cb16c1a3902026a45a51235e1f3191a0) Importer(815301076,1909f56bfc062723c751e8b465ee728b)
Start importing Assets/for_some_trash/jam_karma.unity using Guid(cb16c1a3902026a45a51235e1f3191a0) Importer(815301076,1909f56bfc062723c751e8b465ee728b)  -> (artifact id: 'e90499e62b0377be205a967b6ec41810') in 0.001838 seconds
Number of updated asset objects reloaded before import = 0
Number of asset objects unloaded after import = 0
========================================================================
Received Import Request.
  Time since last request: 6.579825 seconds.
  path: Assets/Scenes/Main_menu.unity
  artifactKey: Guid(a575cf5e0f8618a4ba3bb7b2978570e4) Importer(815301076,1909f56bfc062723c751e8b465ee728b)
Start importing Assets/Scenes/Main_menu.unity using Guid(a575cf5e0f8618a4ba3bb7b2978570e4) Importer(815301076,1909f56bfc062723c751e8b465ee728b)  -> (artifact id: '38c9a9787611bb0d2667e34744f0f750') in 0.000545 seconds
Number of updated asset objects reloaded before import = 0
Number of asset objects unloaded after import = 0
========================================================================
Received Import Request.
  Time since last request: 7.026389 seconds.
  path: Assets/Scenes/SampleScene.unity
  artifactKey: Guid(2cda990e2423bbf4892e6590ba056729) Importer(815301076,1909f56bfc062723c751e8b465ee728b)
Start importing Assets/Scenes/SampleScene.unity using Guid(2cda990e2423bbf4892e6590ba056729) Importer(815301076,1909f56bfc062723c751e8b465ee728b)  -> (artifact id: '68d82f90af57ff55e88ec501dd1838ca') in 0.000550 seconds
Number of updated asset objects reloaded before import = 0
Number of asset objects unloaded after import = 0
========================================================================
Received Prepare
Begin MonoManager ReloadAssembly
Symbol file LoadedFromMemory doesn't match image D:\GameJam\First One\jam_karma\jam_karma\Library\PackageCache\com.unity.visualscripting@1.8.0\Editor\VisualScripting.Core\Dependencies\YamlDotNet\Unity.VisualScripting.YamlDotNet.dll
Symbol file LoadedFromMemory doesn't match image D:\GameJam\First One\jam_karma\jam_karma\Library\PackageCache\com.unity.visualscripting@1.8.0\Editor\VisualScripting.Core\Dependencies\DotNetZip\Unity.VisualScripting.IonicZip.dll
- Loaded All Assemblies, in  1.073 seconds
Refreshing native plugins compatible for Editor in 13.93 ms, found 4 plugins.
Native extension for WindowsStandalone target not found
Mono: successfully reloaded assembly
- Finished resetting the current domain, in  1.579 seconds
Domain Reload Profiling: 2635ms
	BeginReloadAssembly (199ms)
		ExecutionOrderSort (0ms)
		DisableScriptedObjects (13ms)
		BackupInstance (0ms)
		ReleaseScriptingObjects (0ms)
		CreateAndSetChildDomain (39ms)
	RebuildCommonClasses (39ms)
	RebuildNativeTypeToScriptingClass (12ms)
	initialDomainReloadingComplete (63ms)
	LoadAllAssembliesAndSetupDomain (744ms)
		LoadAssemblies (505ms)
		RebuildTransferFunctionScriptingTraits (0ms)
		AnalyzeDomain (304ms)
			TypeCache.Refresh (298ms)
				TypeCache.ScanAssembly (285ms)
			ScanForSourceGeneratedMonoScriptInfo (0ms)
			ResolveRequiredComponents (7ms)
	FinalizeReload (1579ms)
		ReleaseScriptCaches (0ms)
		RebuildScriptCaches (0ms)
		SetupLoadedEditorAssemblies (537ms)
			LogAssemblyErrors (0ms)
			InitializePlatformSupportModulesInManaged (19ms)
			SetLoadedEditorAssemblies (4ms)
			RefreshPlugins (0ms)
			BeforeProcessingInitializeOnLoad (154ms)
			ProcessInitializeOnLoadAttributes (288ms)
			ProcessInitializeOnLoadMethodAttributes (37ms)
			AfterProcessingInitializeOnLoad (36ms)
			EditorAssembliesLoaded (0ms)
		ExecutionOrderSort2 (0ms)
		AwakeInstancesAfterBackupRestoration (17ms)
Refreshing native plugins compatible for Editor in 14.36 ms, found 4 plugins.
Preloading 0 native plugins for Editor in 0.00 ms.
Unloading 3996 Unused Serialized files (Serialized files now loaded: 0)
Unloading 35 unused Assets / (34.9 KB). Loaded Objects now: 4489.
Memory consumption went from 140.0 MB to 140.0 MB.
Total: 4.838000 ms (FindLiveObjects: 0.721700 ms CreateObjectMapping: 0.345900 ms MarkObjects: 3.713800 ms  DeleteObjects: 0.055700 ms)

Prepare: number of updated asset objects reloaded= 0
AssetImportParameters requested are different than current active one (requested -> active):
  custom:container-demuxer-ogg: 62fdf1f143b41e24485cea50d1cbac27 -> 
  custom:video-decoder-ogg-theora: a1e56fd34408186e4bbccfd4996cb3dc -> 
  custom:framework-win-MediaFoundation: 216162199b28c13a410421893ffa2e32 -> 
  custom:container-demuxer-webm: 4f35f7cbe854078d1ac9338744f61a02 -> 
  custom:container-muxer-webm: aa71ff27fc2769a1b78a27578f13a17b -> 
  custom:video-decoder-webm-vp8: 9c59270c3fd7afecdb556c50c9e8de78 -> 
  custom:AudioImporter_EditorPlatform: d09bf68614088b80899f8185d706f6e7 -> 
  custom:video-encoder-webm-vp8: eb34c28f22e8b96e1ab97ce403110664 -> 
  custom:audio-decoder-ogg-vorbis: bf7c407c2cedff20999df2af8eb42d56 -> 
  custom:audio-encoder-webm-vorbis: bf7c407c2cedff20999df2af8eb42d56 -> 
========================================================================
Received Import Request.
  Time since last request: 54.170493 seconds.
  path: Assets/C#_scripts/Zipyann
  artifactKey: Guid(a83ecd2f9cfa02e4e8c1c61c974430d3) Importer(815301076,1909f56bfc062723c751e8b465ee728b)
Start importing Assets/C#_scripts/Zipyann using Guid(a83ecd2f9cfa02e4e8c1c61c974430d3) Importer(815301076,1909f56bfc062723c751e8b465ee728b)  -> (artifact id: 'fd3eddf6582b820b35c415030dfb5d48') in 0.002367 seconds
Number of updated asset objects reloaded before import = 0
Number of asset objects unloaded after import = 0
========================================================================
Received Import Request.
  Time since last request: 2.707030 seconds.
  path: Assets/C#_scripts/Zipyann/BounceScript.cs
  artifactKey: Guid(1e51c265be074784c9f51822819d23d9) Importer(815301076,1909f56bfc062723c751e8b465ee728b)
Start importing Assets/C#_scripts/Zipyann/BounceScript.cs using Guid(1e51c265be074784c9f51822819d23d9) Importer(815301076,1909f56bfc062723c751e8b465ee728b)  -> (artifact id: '5be05863692e203f88b47aa1c6c424c5') in 0.000557 seconds
Number of updated asset objects reloaded before import = 0
Number of asset objects unloaded after import = 0
========================================================================
Received Import Request.
  Time since last request: 2.047049 seconds.
  path: Assets/C#_scripts/Zipyann/DamageOnTouch.cs
  artifactKey: Guid(bc82ba1530c78f34cbab7a3b1809eea7) Importer(815301076,1909f56bfc062723c751e8b465ee728b)
Start importing Assets/C#_scripts/Zipyann/DamageOnTouch.cs using Guid(bc82ba1530c78f34cbab7a3b1809eea7) Importer(815301076,1909f56bfc062723c751e8b465ee728b)  -> (artifact id: '3568f74595a2bb5d947e0626303a07d2') in 0.000959 seconds
Number of updated asset objects reloaded before import = 0
Number of asset objects unloaded after import = 0
========================================================================
Received Import Request.
  Time since last request: 3.833695 seconds.
  path: Assets/C#_scripts/Zipyann/HealthScript.cs
  artifactKey: Guid(eb928cf7e47367e4d835863624100688) Importer(815301076,1909f56bfc062723c751e8b465ee728b)
Start importing Assets/C#_scripts/Zipyann/HealthScript.cs using Guid(eb928cf7e47367e4d835863624100688) Importer(815301076,1909f56bfc062723c751e8b465ee728b)  -> (artifact id: '9de4f0ae9533c03f534d15aa3f91347c') in 0.000590 seconds
Number of updated asset objects reloaded before import = 0
Number of asset objects unloaded after import = 0
========================================================================
Received Import Request.
  Time since last request: 38.497830 seconds.
  path: Assets/Scenes/Ui/7fonts.ru_9ELIOTLD.TTF
  artifactKey: Guid(ecb16028c787d0a4a80d61357cefe342) Importer(815301076,1909f56bfc062723c751e8b465ee728b)
Start importing Assets/Scenes/Ui/7fonts.ru_9ELIOTLD.TTF using Guid(ecb16028c787d0a4a80d61357cefe342) Importer(815301076,1909f56bfc062723c751e8b465ee728b)  -> (artifact id: '8942ac1fb0e222f428ff001d17b4a91f') in 0.110472 seconds
Number of updated asset objects reloaded before import = 0
Number of asset objects unloaded after import = 4
========================================================================
Received Import Request.
  Time since last request: 12.085356 seconds.
  path: Assets/Sprites/arrow.png
  artifactKey: Guid(c2123d83d193be44da8950a986663de2) Importer(815301076,1909f56bfc062723c751e8b465ee728b)
Start importing Assets/Sprites/arrow.png using Guid(c2123d83d193be44da8950a986663de2) Importer(815301076,1909f56bfc062723c751e8b465ee728b)  -> (artifact id: '82d65c4e295a9aca346269b11aa8d387') in 0.062569 seconds
Number of updated asset objects reloaded before import = 0
Number of asset objects unloaded after import = 3
========================================================================
Received Import Request.
  Time since last request: 0.000019 seconds.
  path: Assets/Sprites/villager_08.png
  artifactKey: Guid(af5c4a8b478a8104d837eb916370f6c2) Importer(815301076,1909f56bfc062723c751e8b465ee728b)
Start importing Assets/Sprites/villager_08.png using Guid(af5c4a8b478a8104d837eb916370f6c2) Importer(815301076,1909f56bfc062723c751e8b465ee728b)  -> (artifact id: '01904cd6f73f809563fa7bd931eeca7d') in 0.047845 seconds
Number of updated asset objects reloaded before import = 0
Number of asset objects unloaded after import = 3
========================================================================
Received Import Request.
  Time since last request: 0.000023 seconds.
  path: Assets/Sprites/villager_09.png
  artifactKey: Guid(b4579e4e6b4be9f4e9a00c2e953e3193) Importer(815301076,1909f56bfc062723c751e8b465ee728b)
Start importing Assets/Sprites/villager_09.png using Guid(b4579e4e6b4be9f4e9a00c2e953e3193) Importer(815301076,1909f56bfc062723c751e8b465ee728b)  -> (artifact id: '6ad896f69cc45541de893fd7c2939c75') in 0.021905 seconds
Number of updated asset objects reloaded before import = 0
Number of asset objects unloaded after import = 3
========================================================================
Received Import Request.
  Time since last request: 0.000034 seconds.
  path: Assets/Sprites/villager_11.png
  artifactKey: Guid(4f252a90d9c3f1748adea8f225659a05) Importer(815301076,1909f56bfc062723c751e8b465ee728b)
Start importing Assets/Sprites/villager_11.png using Guid(4f252a90d9c3f1748adea8f225659a05) Importer(815301076,1909f56bfc062723c751e8b465ee728b)  -> (artifact id: 'b7cf620b610822746631a386a467329d') in 0.021479 seconds
Number of updated asset objects reloaded before import = 0
Number of asset objects unloaded after import = 3
========================================================================
Received Import Request.
  Time since last request: 0.000015 seconds.
  path: Assets/Sprites/villager_12.png
  artifactKey: Guid(bde082b4497e33947b7aa3b6a52c0591) Importer(815301076,1909f56bfc062723c751e8b465ee728b)
Start importing Assets/Sprites/villager_12.png using Guid(bde082b4497e33947b7aa3b6a52c0591) Importer(815301076,1909f56bfc062723c751e8b465ee728b)  -> (artifact id: '352b037ef890278ca7d7ddf7d29f9117') in 0.023873 seconds
Number of updated asset objects reloaded before import = 0
Number of asset objects unloaded after import = 3
========================================================================
Received Import Request.
  Time since last request: 0.000016 seconds.
  path: Assets/Sprites/villager_15.png
  artifactKey: Guid(956e2c54c2c1e8449a71b4641c7ff635) Importer(815301076,1909f56bfc062723c751e8b465ee728b)
Start importing Assets/Sprites/villager_15.png using Guid(956e2c54c2c1e8449a71b4641c7ff635) Importer(815301076,1909f56bfc062723c751e8b465ee728b)  -> (artifact id: 'e4813101172b013399f121f240da1a48') in 0.025959 seconds
Number of updated asset objects reloaded before import = 0
Number of asset objects unloaded after import = 3
========================================================================
Received Import Request.
  Time since last request: 0.000226 seconds.
  path: Assets/Sprites/villager_07.png
  artifactKey: Guid(4805cf742e364514cb2930df6fa77b26) Importer(815301076,1909f56bfc062723c751e8b465ee728b)
Start importing Assets/Sprites/villager_07.png using Guid(4805cf742e364514cb2930df6fa77b26) Importer(815301076,1909f56bfc062723c751e8b465ee728b)  -> (artifact id: '0c3220ce665e9c226f30d20da16d621b') in 0.045216 seconds
Number of updated asset objects reloaded before import = 0
Number of asset objects unloaded after import = 3
========================================================================
Received Import Request.
  Time since last request: 0.000036 seconds.
  path: Assets/Sprites/villager_04.png
  artifactKey: Guid(a6930fbf2b31e7847b7488b4d6c44c06) Importer(815301076,1909f56bfc062723c751e8b465ee728b)
Start importing Assets/Sprites/villager_04.png using Guid(a6930fbf2b31e7847b7488b4d6c44c06) Importer(815301076,1909f56bfc062723c751e8b465ee728b)  -> (artifact id: '167d9db3cf39d0223acc8506a9eec409') in 0.019919 seconds
Number of updated asset objects reloaded before import = 0
Number of asset objects unloaded after import = 3
========================================================================
Received Import Request.
  Time since last request: 0.000013 seconds.
  path: Assets/Sprites/demon.png
  artifactKey: Guid(5be07abd886282e4a8fe723c72c37a2a) Importer(815301076,1909f56bfc062723c751e8b465ee728b)
Start importing Assets/Sprites/demon.png using Guid(5be07abd886282e4a8fe723c72c37a2a) Importer(815301076,1909f56bfc062723c751e8b465ee728b)  -> (artifact id: '90f803eb61955356cca5910160b56c4b') in 0.025493 seconds
Number of updated asset objects reloaded before import = 0
Number of asset objects unloaded after import = 3
========================================================================
Received Import Request.
  Time since last request: 0.000016 seconds.
  path: Assets/Sprites/villager_13.png
  artifactKey: Guid(dd5f5800b1c3e814883f8651103db306) Importer(815301076,1909f56bfc062723c751e8b465ee728b)
Start importing Assets/Sprites/villager_13.png using Guid(dd5f5800b1c3e814883f8651103db306) Importer(815301076,1909f56bfc062723c751e8b465ee728b)  -> (artifact id: '527f1ded9b3938779502afc94372dd28') in 0.027152 seconds
Number of updated asset objects reloaded before import = 0
Number of asset objects unloaded after import = 3
========================================================================
Received Import Request.
  Time since last request: 0.000025 seconds.
  path: Assets/Sprites/Thief.png
  artifactKey: Guid(339dae74e6fc92642935ef6914bb5268) Importer(815301076,1909f56bfc062723c751e8b465ee728b)
Start importing Assets/Sprites/Thief.png using Guid(339dae74e6fc92642935ef6914bb5268) Importer(815301076,1909f56bfc062723c751e8b465ee728b)  -> (artifact id: '7306b466eb52a0bfe8795b0af4674e04') in 0.028979 seconds
Number of updated asset objects reloaded before import = 0
Number of asset objects unloaded after import = 5
========================================================================
Received Import Request.
  Time since last request: 0.000015 seconds.
  path: Assets/Sprites/goblin.png
  artifactKey: Guid(654f5e471cdb7644e80ed3a770f2bf70) Importer(815301076,1909f56bfc062723c751e8b465ee728b)
Start importing Assets/Sprites/goblin.png using Guid(654f5e471cdb7644e80ed3a770f2bf70) Importer(815301076,1909f56bfc062723c751e8b465ee728b)  -> (artifact id: '8cc27c28c3abd6c67fee1b2e3a6a72b5') in 0.022403 seconds
Number of updated asset objects reloaded before import = 0
Number of asset objects unloaded after import = 3
========================================================================
Received Import Request.
  Time since last request: 0.000016 seconds.
  path: Assets/Sprites/villager_10.png
  artifactKey: Guid(9fe9aa38f6aabc54b8c86b4f87ddf982) Importer(815301076,1909f56bfc062723c751e8b465ee728b)
Start importing Assets/Sprites/villager_10.png using Guid(9fe9aa38f6aabc54b8c86b4f87ddf982) Importer(815301076,1909f56bfc062723c751e8b465ee728b)  -> (artifact id: 'df9194d9deb3c15c6f93a2205c522e62') in 0.020764 seconds
Number of updated asset objects reloaded before import = 0
Number of asset objects unloaded after import = 3
========================================================================
Received Import Request.
  Time since last request: 4.756284 seconds.
  path: Assets/Sprites
  artifactKey: Guid(e37b8daac459f1e47a41094df354a54e) Importer(815301076,1909f56bfc062723c751e8b465ee728b)
Start importing Assets/Sprites using Guid(e37b8daac459f1e47a41094df354a54e) Importer(815301076,1909f56bfc062723c751e8b465ee728b)  -> (artifact id: 'd9bddcd7b00448d5e400b06a52397b34') in 0.000798 seconds
Number of updated asset objects reloaded before import = 0
Number of asset objects unloaded after import = 0
========================================================================
Received Import Request.
  Time since last request: 426.001839 seconds.
  path: Assets/Sounds/MusicGJ_JJ_Bossorsmthing.wav
  artifactKey: Guid(9912114ae012e6749bb5307f5cca619c) Importer(815301076,1909f56bfc062723c751e8b465ee728b)
Start importing Assets/Sounds/MusicGJ_JJ_Bossorsmthing.wav using Guid(9912114ae012e6749bb5307f5cca619c) Importer(815301076,1909f56bfc062723c751e8b465ee728b)  -> (artifact id: '34f07fc26ba83feea0c68e51a8f228d4') in 0.110248 seconds
Number of updated asset objects reloaded before import = 0
Number of asset objects unloaded after import = 2
========================================================================
Received Import Request.
  Time since last request: 0.000029 seconds.
  path: Assets/Sounds/PickUp_sound.wav
  artifactKey: Guid(aee16d4ae1db8ff48bab5d73860e20e2) Importer(815301076,1909f56bfc062723c751e8b465ee728b)
Start importing Assets/Sounds/PickUp_sound.wav using Guid(aee16d4ae1db8ff48bab5d73860e20e2) Importer(815301076,1909f56bfc062723c751e8b465ee728b)  -> (artifact id: '7a11db9007ee46746f96d37eda8c1593') in 0.170080 seconds
Number of updated asset objects reloaded before import = 0
Number of asset objects unloaded after import = 2
========================================================================
Received Import Request.
  Time since last request: 0.000165 seconds.
  path: Assets/Sounds/zombie_2.wav
  artifactKey: Guid(2505b8eff485cbc4caea164a457a7eaa) Importer(815301076,1909f56bfc062723c751e8b465ee728b)
Start importing Assets/Sounds/zombie_2.wav using Guid(2505b8eff485cbc4caea164a457a7eaa) Importer(815301076,1909f56bfc062723c751e8b465ee728b)  -> (artifact id: '6945ed9f697f832c870aeaf79a88ddc7') in 0.032964 seconds
Number of updated asset objects reloaded before import = 0
Number of asset objects unloaded after import = 2
========================================================================
Received Import Request.
  Time since last request: 0.035928 seconds.
  path: Assets/Sounds/zombie_3.wav
  artifactKey: Guid(c96c58010d099044785989a9bf92304c) Importer(815301076,1909f56bfc062723c751e8b465ee728b)
Start importing Assets/Sounds/zombie_3.wav using Guid(c96c58010d099044785989a9bf92304c) Importer(815301076,1909f56bfc062723c751e8b465ee728b)  -> (artifact id: '0e50407fac6c4778a953efff7a0fa014') in 0.031227 seconds
Number of updated asset objects reloaded before import = 0
Number of asset objects unloaded after import = 2
========================================================================
Received Import Request.
  Time since last request: 0.000111 seconds.
  path: Assets/Sounds/MusicGJ_MainMenuJJ.wav
  artifactKey: Guid(b9b3b4586e920ac4e8246837e54e6e71) Importer(815301076,1909f56bfc062723c751e8b465ee728b)
Start importing Assets/Sounds/MusicGJ_MainMenuJJ.wav using Guid(b9b3b4586e920ac4e8246837e54e6e71) Importer(815301076,1909f56bfc062723c751e8b465ee728b)  -> (artifact id: '1c3f08356bf628f2117ce75fae67f62a') in 0.028560 seconds
Number of updated asset objects reloaded before import = 0
Number of asset objects unloaded after import = 2
